This is pdfTeX, Version 3.141592653-2.6-1.40.26 (MiKTeX 24.4) (preloaded format=pdflatex 2024.8.1)  26 JAN 2025 11:12
entering extended mode
 restricted \write18 enabled.
 %&-line parsing enabled.
**./lecture03.tex
(lecture03.tex
LaTeX2e <2024-06-01> patch level 2
L3 programming layer <2024-05-27>
(C:\Users\gener\AppData\Local\Programs\MiKTeX\tex/latex/beamer\beamer.cls
Document Class: beamer 2024/01/06 v3.71 A class for typesetting presentations

(C:\Users\gener\AppData\Local\Programs\MiKTeX\tex/latex/beamer\beamerbasemodes.
sty
(C:\Users\gener\AppData\Local\Programs\MiKTeX\tex/latex/etoolbox\etoolbox.sty
Package: etoolbox 2020/10/05 v2.5k e-TeX tools for LaTeX (JAW)
\etb@tempcnta=\count194
)
\beamer@tempbox=\box52
\beamer@tempcount=\count195
\c@beamerpauses=\count196

(C:\Users\gener\AppData\Local\Programs\MiKTeX\tex/latex/beamer\beamerbasedecode
.sty
\beamer@slideinframe=\count197
\beamer@minimum=\count198
\beamer@decode@box=\box53
)
\beamer@commentbox=\box54
\beamer@modecount=\count199
)
(C:\Users\gener\AppData\Local\Programs\MiKTeX\tex/generic/iftex\iftex.sty
Package: iftex 2022/02/03 v1.0f TeX engine tests
)
\headdp=\dimen141
\footheight=\dimen142
\sidebarheight=\dimen143
\beamer@tempdim=\dimen144
\beamer@finalheight=\dimen145
\beamer@animht=\dimen146
\beamer@animdp=\dimen147
\beamer@animwd=\dimen148
\beamer@leftmargin=\dimen149
\beamer@rightmargin=\dimen150
\beamer@leftsidebar=\dimen151
\beamer@rightsidebar=\dimen152
\beamer@boxsize=\dimen153
\beamer@vboxoffset=\dimen154
\beamer@descdefault=\dimen155
\beamer@descriptionwidth=\dimen156
\beamer@lastskip=\skip49
\beamer@areabox=\box55
\beamer@animcurrent=\box56
\beamer@animshowbox=\box57
\beamer@sectionbox=\box58
\beamer@logobox=\box59
\beamer@linebox=\box60
\beamer@sectioncount=\count266
\beamer@subsubsectionmax=\count267
\beamer@subsectionmax=\count268
\beamer@sectionmax=\count269
\beamer@totalheads=\count270
\beamer@headcounter=\count271
\beamer@partstartpage=\count272
\beamer@sectionstartpage=\count273
\beamer@subsectionstartpage=\count274
\beamer@animationtempa=\count275
\beamer@animationtempb=\count276
\beamer@xpos=\count277
\beamer@ypos=\count278
\beamer@ypos@offset=\count279
\beamer@showpartnumber=\count280
\beamer@currentsubsection=\count281
\beamer@coveringdepth=\count282
\beamer@sectionadjust=\count283
\beamer@toclastsection=\count284
\beamer@tocsectionnumber=\count285

(C:\Users\gener\AppData\Local\Programs\MiKTeX\tex/latex/beamer\beamerbaseoption
s.sty
(C:\Users\gener\AppData\Local\Programs\MiKTeX\tex/latex/graphics\keyval.sty
Package: keyval 2022/05/29 v1.15 key=value parser (DPC)
\KV@toks@=\toks17
))
\beamer@paperwidth=\skip50
\beamer@paperheight=\skip51

(C:\Users\gener\AppData\Local\Programs\MiKTeX\tex/latex/geometry\geometry.sty
Package: geometry 2020/01/02 v5.9 Page Geometry

(C:\Users\gener\AppData\Local\Programs\MiKTeX\tex/generic/iftex\ifvtex.sty
Package: ifvtex 2019/10/25 v1.7 ifvtex legacy package. Use iftex instead.
)
\Gm@cnth=\count286
\Gm@cntv=\count287
\c@Gm@tempcnt=\count288
\Gm@bindingoffset=\dimen157
\Gm@wd@mp=\dimen158
\Gm@odd@mp=\dimen159
\Gm@even@mp=\dimen160
\Gm@layoutwidth=\dimen161
\Gm@layoutheight=\dimen162
\Gm@layouthoffset=\dimen163
\Gm@layoutvoffset=\dimen164
\Gm@dimlist=\toks18

(C:\Users\gener\AppData\Local\Programs\MiKTeX\tex/latex/geometry\geometry.cfg))
(C:\Users\gener\AppData\Local\Programs\MiKTeX\tex/latex/pgf/math\pgfmath.sty
(C:\Users\gener\AppData\Local\Programs\MiKTeX\tex/latex/pgf/utilities\pgfrcs.st
y
(C:\Users\gener\AppData\Local\Programs\MiKTeX\tex/generic/pgf/utilities\pgfutil
-common.tex
\pgfutil@everybye=\toks19
\pgfutil@tempdima=\dimen165
\pgfutil@tempdimb=\dimen166
)
(C:\Users\gener\AppData\Local\Programs\MiKTeX\tex/generic/pgf/utilities\pgfutil
-latex.def
\pgfutil@abb=\box61
)
(C:\Users\gener\AppData\Local\Programs\MiKTeX\tex/generic/pgf/utilities\pgfrcs.
code.tex
(C:\Users\gener\AppData\Local\Programs\MiKTeX\tex/generic/pgf\pgf.revision.tex)
Package: pgfrcs 2023-01-15 v3.1.10 (3.1.10)
))
(C:\Users\gener\AppData\Local\Programs\MiKTeX\tex/latex/pgf/utilities\pgfkeys.s
ty
(C:\Users\gener\AppData\Local\Programs\MiKTeX\tex/generic/pgf/utilities\pgfkeys
.code.tex
\pgfkeys@pathtoks=\toks20
\pgfkeys@temptoks=\toks21

(C:\Users\gener\AppData\Local\Programs\MiKTeX\tex/generic/pgf/utilities\pgfkeys
libraryfiltered.code.tex
\pgfkeys@tmptoks=\toks22
)))
(C:\Users\gener\AppData\Local\Programs\MiKTeX\tex/generic/pgf/math\pgfmath.code
.tex
(C:\Users\gener\AppData\Local\Programs\MiKTeX\tex/generic/pgf/math\pgfmathutil.
code.tex
\pgf@x=\dimen167
\pgf@xa=\dimen168
\pgf@xb=\dimen169
\pgf@xc=\dimen170
\pgf@y=\dimen171
\pgf@ya=\dimen172
\pgf@yb=\dimen173
\pgf@yc=\dimen174
\c@pgf@counta=\count289
\c@pgf@countb=\count290
\c@pgf@countc=\count291
\c@pgf@countd=\count292
)
(C:\Users\gener\AppData\Local\Programs\MiKTeX\tex/generic/pgf/math\pgfmathparse
r.code.tex
\pgfmath@dimen=\dimen175
\pgfmath@count=\count293
\pgfmath@box=\box62
\pgfmath@toks=\toks23
\pgfmath@stack@operand=\toks24
\pgfmath@stack@operation=\toks25
)
(C:\Users\gener\AppData\Local\Programs\MiKTeX\tex/generic/pgf/math\pgfmathfunct
ions.code.tex)
(C:\Users\gener\AppData\Local\Programs\MiKTeX\tex/generic/pgf/math\pgfmathfunct
ions.basic.code.tex)
(C:\Users\gener\AppData\Local\Programs\MiKTeX\tex/generic/pgf/math\pgfmathfunct
ions.trigonometric.code.tex)
(C:\Users\gener\AppData\Local\Programs\MiKTeX\tex/generic/pgf/math\pgfmathfunct
ions.random.code.tex)
(C:\Users\gener\AppData\Local\Programs\MiKTeX\tex/generic/pgf/math\pgfmathfunct
ions.comparison.code.tex)
(C:\Users\gener\AppData\Local\Programs\MiKTeX\tex/generic/pgf/math\pgfmathfunct
ions.base.code.tex)
(C:\Users\gener\AppData\Local\Programs\MiKTeX\tex/generic/pgf/math\pgfmathfunct
ions.round.code.tex)
(C:\Users\gener\AppData\Local\Programs\MiKTeX\tex/generic/pgf/math\pgfmathfunct
ions.misc.code.tex)
(C:\Users\gener\AppData\Local\Programs\MiKTeX\tex/generic/pgf/math\pgfmathfunct
ions.integerarithmetics.code.tex)
(C:\Users\gener\AppData\Local\Programs\MiKTeX\tex/generic/pgf/math\pgfmathcalc.
code.tex)
(C:\Users\gener\AppData\Local\Programs\MiKTeX\tex/generic/pgf/math\pgfmathfloat
.code.tex
\c@pgfmathroundto@lastzeros=\count294
)))
(C:\Users\gener\AppData\Local\Programs\MiKTeX\tex/latex/base\size11.clo
File: size11.clo 2024/02/08 v1.4n Standard LaTeX file (size option)
)
(C:\Users\gener\AppData\Local\Programs\MiKTeX\tex/latex/pgf/basiclayer\pgfcore.
sty
(C:\Users\gener\AppData\Local\Programs\MiKTeX\tex/latex/graphics\graphicx.sty
Package: graphicx 2021/09/16 v1.2d Enhanced LaTeX Graphics (DPC,SPQR)

(C:\Users\gener\AppData\Local\Programs\MiKTeX\tex/latex/graphics\graphics.sty
Package: graphics 2024/05/23 v1.4g Standard LaTeX Graphics (DPC,SPQR)

(C:\Users\gener\AppData\Local\Programs\MiKTeX\tex/latex/graphics\trig.sty
Package: trig 2023/12/02 v1.11 sin cos tan (DPC)
)
(C:\Users\gener\AppData\Local\Programs\MiKTeX\tex/latex/graphics-cfg\graphics.c
fg
File: graphics.cfg 2016/06/04 v1.11 sample graphics configuration
)
Package graphics Info: Driver file: pdftex.def on input line 106.

(C:\Users\gener\AppData\Local\Programs\MiKTeX\tex/latex/graphics-def\pdftex.def
File: pdftex.def 2024/04/13 v1.2c Graphics/color driver for pdftex
))
\Gin@req@height=\dimen176
\Gin@req@width=\dimen177
)
(C:\Users\gener\AppData\Local\Programs\MiKTeX\tex/latex/pgf/systemlayer\pgfsys.
sty
(C:\Users\gener\AppData\Local\Programs\MiKTeX\tex/generic/pgf/systemlayer\pgfsy
s.code.tex
Package: pgfsys 2023-01-15 v3.1.10 (3.1.10)
\pgf@x=\dimen178
\pgf@y=\dimen179
\pgf@xa=\dimen180
\pgf@ya=\dimen181
\pgf@xb=\dimen182
\pgf@yb=\dimen183
\pgf@xc=\dimen184
\pgf@yc=\dimen185
\pgf@xd=\dimen186
\pgf@yd=\dimen187
\w@pgf@writea=\write3
\r@pgf@reada=\read2
\c@pgf@counta=\count295
\c@pgf@countb=\count296
\c@pgf@countc=\count297
\c@pgf@countd=\count298
\t@pgf@toka=\toks26
\t@pgf@tokb=\toks27
\t@pgf@tokc=\toks28
\pgf@sys@id@count=\count299

(C:\Users\gener\AppData\Local\Programs\MiKTeX\tex/generic/pgf/systemlayer\pgf.c
fg
File: pgf.cfg 2023-01-15 v3.1.10 (3.1.10)
)
Driver file for pgf: pgfsys-pdftex.def

(C:\Users\gener\AppData\Local\Programs\MiKTeX\tex/generic/pgf/systemlayer\pgfsy
s-pdftex.def
File: pgfsys-pdftex.def 2023-01-15 v3.1.10 (3.1.10)

(C:\Users\gener\AppData\Local\Programs\MiKTeX\tex/generic/pgf/systemlayer\pgfsy
s-common-pdf.def
File: pgfsys-common-pdf.def 2023-01-15 v3.1.10 (3.1.10)
)))
(C:\Users\gener\AppData\Local\Programs\MiKTeX\tex/generic/pgf/systemlayer\pgfsy
ssoftpath.code.tex
File: pgfsyssoftpath.code.tex 2023-01-15 v3.1.10 (3.1.10)
\pgfsyssoftpath@smallbuffer@items=\count300
\pgfsyssoftpath@bigbuffer@items=\count301
)
(C:\Users\gener\AppData\Local\Programs\MiKTeX\tex/generic/pgf/systemlayer\pgfsy
sprotocol.code.tex
File: pgfsysprotocol.code.tex 2023-01-15 v3.1.10 (3.1.10)
))
(C:\Users\gener\AppData\Local\Programs\MiKTeX\tex/latex/xcolor\xcolor.sty
Package: xcolor 2023/11/15 v3.01 LaTeX color extensions (UK)

(C:\Users\gener\AppData\Local\Programs\MiKTeX\tex/latex/graphics-cfg\color.cfg
File: color.cfg 2016/01/02 v1.6 sample color configuration
)
Package xcolor Info: Driver file: pdftex.def on input line 274.
(C:\Users\gener\AppData\Local\Programs\MiKTeX\tex/latex/graphics\mathcolor.ltx)
Package xcolor Info: Model `cmy' substituted by `cmy0' on input line 1350.
Package xcolor Info: Model `hsb' substituted by `rgb' on input line 1354.
Package xcolor Info: Model `RGB' extended on input line 1366.
Package xcolor Info: Model `HTML' substituted by `rgb' on input line 1368.
Package xcolor Info: Model `Hsb' substituted by `hsb' on input line 1369.
Package xcolor Info: Model `tHsb' substituted by `hsb' on input line 1370.
Package xcolor Info: Model `HSB' substituted by `hsb' on input line 1371.
Package xcolor Info: Model `Gray' substituted by `gray' on input line 1372.
Package xcolor Info: Model `wave' substituted by `hsb' on input line 1373.
)
(C:\Users\gener\AppData\Local\Programs\MiKTeX\tex/generic/pgf/basiclayer\pgfcor
e.code.tex
Package: pgfcore 2023-01-15 v3.1.10 (3.1.10)

(C:\Users\gener\AppData\Local\Programs\MiKTeX\tex/generic/pgf/math\pgfint.code.
tex)
(C:\Users\gener\AppData\Local\Programs\MiKTeX\tex/generic/pgf/basiclayer\pgfcor
epoints.code.tex
File: pgfcorepoints.code.tex 2023-01-15 v3.1.10 (3.1.10)
\pgf@picminx=\dimen188
\pgf@picmaxx=\dimen189
\pgf@picminy=\dimen190
\pgf@picmaxy=\dimen191
\pgf@pathminx=\dimen192
\pgf@pathmaxx=\dimen193
\pgf@pathminy=\dimen194
\pgf@pathmaxy=\dimen195
\pgf@xx=\dimen196
\pgf@xy=\dimen197
\pgf@yx=\dimen198
\pgf@yy=\dimen199
\pgf@zx=\dimen256
\pgf@zy=\dimen257
)
(C:\Users\gener\AppData\Local\Programs\MiKTeX\tex/generic/pgf/basiclayer\pgfcor
epathconstruct.code.tex
File: pgfcorepathconstruct.code.tex 2023-01-15 v3.1.10 (3.1.10)
\pgf@path@lastx=\dimen258
\pgf@path@lasty=\dimen259
)
(C:\Users\gener\AppData\Local\Programs\MiKTeX\tex/generic/pgf/basiclayer\pgfcor
epathusage.code.tex
File: pgfcorepathusage.code.tex 2023-01-15 v3.1.10 (3.1.10)
\pgf@shorten@end@additional=\dimen260
\pgf@shorten@start@additional=\dimen261
)
(C:\Users\gener\AppData\Local\Programs\MiKTeX\tex/generic/pgf/basiclayer\pgfcor
escopes.code.tex
File: pgfcorescopes.code.tex 2023-01-15 v3.1.10 (3.1.10)
\pgfpic=\box63
\pgf@hbox=\box64
\pgf@layerbox@main=\box65
\pgf@picture@serial@count=\count302
)
(C:\Users\gener\AppData\Local\Programs\MiKTeX\tex/generic/pgf/basiclayer\pgfcor
egraphicstate.code.tex
File: pgfcoregraphicstate.code.tex 2023-01-15 v3.1.10 (3.1.10)
\pgflinewidth=\dimen262
)
(C:\Users\gener\AppData\Local\Programs\MiKTeX\tex/generic/pgf/basiclayer\pgfcor
etransformations.code.tex
File: pgfcoretransformations.code.tex 2023-01-15 v3.1.10 (3.1.10)
\pgf@pt@x=\dimen263
\pgf@pt@y=\dimen264
\pgf@pt@temp=\dimen265
)
(C:\Users\gener\AppData\Local\Programs\MiKTeX\tex/generic/pgf/basiclayer\pgfcor
equick.code.tex
File: pgfcorequick.code.tex 2023-01-15 v3.1.10 (3.1.10)
)
(C:\Users\gener\AppData\Local\Programs\MiKTeX\tex/generic/pgf/basiclayer\pgfcor
eobjects.code.tex
File: pgfcoreobjects.code.tex 2023-01-15 v3.1.10 (3.1.10)
)
(C:\Users\gener\AppData\Local\Programs\MiKTeX\tex/generic/pgf/basiclayer\pgfcor
epathprocessing.code.tex
File: pgfcorepathprocessing.code.tex 2023-01-15 v3.1.10 (3.1.10)
)
(C:\Users\gener\AppData\Local\Programs\MiKTeX\tex/generic/pgf/basiclayer\pgfcor
earrows.code.tex
File: pgfcorearrows.code.tex 2023-01-15 v3.1.10 (3.1.10)
\pgfarrowsep=\dimen266
)
(C:\Users\gener\AppData\Local\Programs\MiKTeX\tex/generic/pgf/basiclayer\pgfcor
eshade.code.tex
File: pgfcoreshade.code.tex 2023-01-15 v3.1.10 (3.1.10)
\pgf@max=\dimen267
\pgf@sys@shading@range@num=\count303
\pgf@shadingcount=\count304
)
(C:\Users\gener\AppData\Local\Programs\MiKTeX\tex/generic/pgf/basiclayer\pgfcor
eimage.code.tex
File: pgfcoreimage.code.tex 2023-01-15 v3.1.10 (3.1.10)
)
(C:\Users\gener\AppData\Local\Programs\MiKTeX\tex/generic/pgf/basiclayer\pgfcor
eexternal.code.tex
File: pgfcoreexternal.code.tex 2023-01-15 v3.1.10 (3.1.10)
\pgfexternal@startupbox=\box66
)
(C:\Users\gener\AppData\Local\Programs\MiKTeX\tex/generic/pgf/basiclayer\pgfcor
elayers.code.tex
File: pgfcorelayers.code.tex 2023-01-15 v3.1.10 (3.1.10)
)
(C:\Users\gener\AppData\Local\Programs\MiKTeX\tex/generic/pgf/basiclayer\pgfcor
etransparency.code.tex
File: pgfcoretransparency.code.tex 2023-01-15 v3.1.10 (3.1.10)
)
(C:\Users\gener\AppData\Local\Programs\MiKTeX\tex/generic/pgf/basiclayer\pgfcor
epatterns.code.tex
File: pgfcorepatterns.code.tex 2023-01-15 v3.1.10 (3.1.10)
)
(C:\Users\gener\AppData\Local\Programs\MiKTeX\tex/generic/pgf/basiclayer\pgfcor
erdf.code.tex
File: pgfcorerdf.code.tex 2023-01-15 v3.1.10 (3.1.10)
)))
(C:\Users\gener\AppData\Local\Programs\MiKTeX\tex/latex/pgf/utilities\xxcolor.s
ty
Package: xxcolor 2003/10/24 ver 0.1
\XC@nummixins=\count305
\XC@countmixins=\count306
)
(C:\Users\gener\AppData\Local\Programs\MiKTeX\tex/latex/base\atbegshi-ltx.sty
Package: atbegshi-ltx 2021/01/10 v1.0c Emulation of the original atbegshi
package with kernel methods
)
(C:\Users\gener\AppData\Local\Programs\MiKTeX\tex/latex/hyperref\hyperref.sty
Package: hyperref 2024-07-10 v7.01j Hypertext links for LaTeX

(C:\Users\gener\AppData\Local\Programs\MiKTeX\tex/latex/kvsetkeys\kvsetkeys.sty
Package: kvsetkeys 2022-10-05 v1.19 Key value parser (HO)
)
(C:\Users\gener\AppData\Local\Programs\MiKTeX\tex/generic/kvdefinekeys\kvdefine
keys.sty
Package: kvdefinekeys 2019-12-19 v1.6 Define keys (HO)
)
(C:\Users\gener\AppData\Local\Programs\MiKTeX\tex/generic/pdfescape\pdfescape.s
ty
Package: pdfescape 2019/12/09 v1.15 Implements pdfTeX's escape features (HO)

(C:\Users\gener\AppData\Local\Programs\MiKTeX\tex/generic/ltxcmds\ltxcmds.sty
Package: ltxcmds 2023-12-04 v1.26 LaTeX kernel commands for general use (HO)
)
(C:\Users\gener\AppData\Local\Programs\MiKTeX\tex/generic/pdftexcmds\pdftexcmds
.sty
Package: pdftexcmds 2020-06-27 v0.33 Utility functions of pdfTeX for LuaTeX (HO
)

(C:\Users\gener\AppData\Local\Programs\MiKTeX\tex/generic/infwarerr\infwarerr.s
ty
Package: infwarerr 2019/12/03 v1.5 Providing info/warning/error messages (HO)
)
Package pdftexcmds Info: \pdf@primitive is available.
Package pdftexcmds Info: \pdf@ifprimitive is available.
Package pdftexcmds Info: \pdfdraftmode found.
))
(C:\Users\gener\AppData\Local\Programs\MiKTeX\tex/latex/hycolor\hycolor.sty
Package: hycolor 2020-01-27 v1.10 Color options for hyperref/bookmark (HO)
)
(C:\Users\gener\AppData\Local\Programs\MiKTeX\tex/latex/hyperref\nameref.sty
Package: nameref 2023-11-26 v2.56 Cross-referencing by name of section

(C:\Users\gener\AppData\Local\Programs\MiKTeX\tex/latex/refcount\refcount.sty
Package: refcount 2019/12/15 v3.6 Data extraction from label references (HO)
)
(C:\Users\gener\AppData\Local\Programs\MiKTeX\tex/generic/gettitlestring\gettit
lestring.sty
Package: gettitlestring 2019/12/15 v1.6 Cleanup title references (HO)

(C:\Users\gener\AppData\Local\Programs\MiKTeX\tex/latex/kvoptions\kvoptions.sty
Package: kvoptions 2022-06-15 v3.15 Key value format for package options (HO)
))
\c@section@level=\count307
)
(C:\Users\gener\AppData\Local\Programs\MiKTeX\tex/generic/stringenc\stringenc.s
ty
Package: stringenc 2019/11/29 v1.12 Convert strings between diff. encodings (HO
)
)
\@linkdim=\dimen268
\Hy@linkcounter=\count308
\Hy@pagecounter=\count309
 (C:\Users\gener\AppData\Local\Programs\MiKTeX\tex/latex/hyperref\pd1enc.def
File: pd1enc.def 2024-07-10 v7.01j Hyperref: PDFDocEncoding definition (HO)
Now handling font encoding PD1 ...
... no UTF-8 mapping file for font encoding PD1
) (C:\Users\gener\AppData\Local\Programs\MiKTeX\tex/generic/intcalc\intcalc.sty
Package: intcalc 2019/12/15 v1.3 Expandable calculations with integers (HO)
)
\Hy@SavedSpaceFactor=\count310
 (C:\Users\gener\AppData\Local\Programs\MiKTeX\tex/latex/hyperref\puenc.def
File: puenc.def 2024-07-10 v7.01j Hyperref: PDF Unicode definition (HO)
Now handling font encoding PU ...
... no UTF-8 mapping file for font encoding PU
)
Package hyperref Info: Option `bookmarks' set `true' on input line 4040.
Package hyperref Info: Option `bookmarksopen' set `true' on input line 4040.
Package hyperref Info: Option `implicit' set `false' on input line 4040.
Package hyperref Info: Hyper figures OFF on input line 4157.
Package hyperref Info: Link nesting OFF on input line 4162.
Package hyperref Info: Hyper index ON on input line 4165.
Package hyperref Info: Plain pages OFF on input line 4172.
Package hyperref Info: Backreferencing OFF on input line 4177.
Package hyperref Info: Implicit mode OFF; no redefinition of LaTeX internals.
Package hyperref Info: Bookmarks ON on input line 4424.
\c@Hy@tempcnt=\count311

(C:\Users\gener\AppData\Local\Programs\MiKTeX\tex/latex/url\url.sty
\Urlmuskip=\muskip17
Package: url 2013/09/16  ver 3.4  Verb mode for urls, etc.
)
LaTeX Info: Redefining \url on input line 4763.
\XeTeXLinkMargin=\dimen269

(C:\Users\gener\AppData\Local\Programs\MiKTeX\tex/generic/bitset\bitset.sty
Package: bitset 2019/12/09 v1.3 Handle bit-vector datatype (HO)

(C:\Users\gener\AppData\Local\Programs\MiKTeX\tex/generic/bigintcalc\bigintcalc
.sty
Package: bigintcalc 2019/12/15 v1.5 Expandable calculations on big integers (HO
)
))
\Fld@menulength=\count312
\Field@Width=\dimen270
\Fld@charsize=\dimen271
Package hyperref Info: Hyper figures OFF on input line 6042.
Package hyperref Info: Link nesting OFF on input line 6047.
Package hyperref Info: Hyper index ON on input line 6050.
Package hyperref Info: backreferencing OFF on input line 6057.
Package hyperref Info: Link coloring OFF on input line 6062.
Package hyperref Info: Link coloring with OCG OFF on input line 6067.
Package hyperref Info: PDF/A mode OFF on input line 6072.
\Hy@abspage=\count313


Package hyperref Message: Stopped early.

)
Package hyperref Info: Driver (autodetected): hpdftex.
 (C:\Users\gener\AppData\Local\Programs\MiKTeX\tex/latex/hyperref\hpdftex.def
File: hpdftex.def 2024-07-10 v7.01j Hyperref driver for pdfTeX

(C:\Users\gener\AppData\Local\Programs\MiKTeX\tex/latex/base\atveryend-ltx.sty
Package: atveryend-ltx 2020/08/19 v1.0a Emulation of the original atveryend pac
kage
with kernel methods
)
\Fld@listcount=\count314
\c@bookmark@seq@number=\count315

(C:\Users\gener\AppData\Local\Programs\MiKTeX\tex/latex/rerunfilecheck\rerunfil
echeck.sty
Package: rerunfilecheck 2022-07-10 v1.10 Rerun checks for auxiliary files (HO)

(C:\Users\gener\AppData\Local\Programs\MiKTeX\tex/generic/uniquecounter\uniquec
ounter.sty
Package: uniquecounter 2019/12/15 v1.4 Provide unlimited unique counter (HO)
)
Package uniquecounter Info: New unique counter `rerunfilecheck' on input line 2
85.
))
(C:\Users\gener\AppData\Local\Programs\MiKTeX\tex/latex/beamer\beamerbaserequir
es.sty
(C:\Users\gener\AppData\Local\Programs\MiKTeX\tex/latex/beamer\beamerbasecompat
ibility.sty)
(C:\Users\gener\AppData\Local\Programs\MiKTeX\tex/latex/beamer\beamerbasefont.s
ty (C:\Users\gener\AppData\Local\Programs\MiKTeX\tex/latex/amsfonts\amssymb.sty
Package: amssymb 2013/01/14 v3.01 AMS font symbols
(C:\Users\gener\AppData\Local\Programs\MiKTeX\tex/latex/amsfonts\amsfonts.sty
Package: amsfonts 2013/01/14 v3.01 Basic AMSFonts support
\@emptytoks=\toks29
\symAMSa=\mathgroup4
\symAMSb=\mathgroup5
LaTeX Font Info:    Redeclaring math symbol \hbar on input line 98.
LaTeX Font Info:    Overwriting math alphabet `\mathfrak' in version `bold'
(Font)                  U/euf/m/n --> U/euf/b/n on input line 106.
))
(C:\Users\gener\AppData\Local\Programs\MiKTeX\tex/latex/sansmathaccent\sansmath
accent.sty
Package: sansmathaccent 2020/01/31

(C:\Users\gener\AppData\Local\Programs\MiKTeX\tex/latex/koma-script\scrlfile.st
y
Package: scrlfile 2024/10/24 v3.43 KOMA-Script package (file load hooks)

(C:\Users\gener\AppData\Local\Programs\MiKTeX\tex/latex/koma-script\scrlfile-ho
ok.sty
Package: scrlfile-hook 2024/10/24 v3.43 KOMA-Script package (using LaTeX hooks)


(C:\Users\gener\AppData\Local\Programs\MiKTeX\tex/latex/koma-script\scrlogo.sty
Package: scrlogo 2024/10/24 v3.43 KOMA-Script package (logo)
)))))
(C:\Users\gener\AppData\Local\Programs\MiKTeX\tex/latex/beamer\beamerbasetransl
ator.sty
(C:\Users\gener\AppData\Local\Programs\MiKTeX\tex/latex/translator\translator.s
ty
Package: translator 2021-05-31 v1.12d Easy translation of strings in LaTeX
))
(C:\Users\gener\AppData\Local\Programs\MiKTeX\tex/latex/beamer\beamerbasemisc.s
ty)
(C:\Users\gener\AppData\Local\Programs\MiKTeX\tex/latex/beamer\beamerbasetwoscr
eens.sty)
(C:\Users\gener\AppData\Local\Programs\MiKTeX\tex/latex/beamer\beamerbaseoverla
y.sty
\beamer@argscount=\count316
\beamer@lastskipcover=\skip52
\beamer@trivlistdepth=\count317
)
(C:\Users\gener\AppData\Local\Programs\MiKTeX\tex/latex/beamer\beamerbasetitle.
sty)
(C:\Users\gener\AppData\Local\Programs\MiKTeX\tex/latex/beamer\beamerbasesectio
n.sty
\c@lecture=\count318
\c@part=\count319
\c@section=\count320
\c@subsection=\count321
\c@subsubsection=\count322
)
(C:\Users\gener\AppData\Local\Programs\MiKTeX\tex/latex/beamer\beamerbaseframe.
sty
\beamer@framebox=\box67
\beamer@frametitlebox=\box68
\beamer@zoombox=\box69
\beamer@zoomcount=\count323
\beamer@zoomframecount=\count324
\beamer@frametextheight=\dimen272
\c@subsectionslide=\count325
\beamer@frametopskip=\skip53
\beamer@framebottomskip=\skip54
\beamer@frametopskipautobreak=\skip55
\beamer@framebottomskipautobreak=\skip56
\beamer@envbody=\toks30
\framewidth=\dimen273
\c@framenumber=\count326
)
(C:\Users\gener\AppData\Local\Programs\MiKTeX\tex/latex/beamer\beamerbaseverbat
im.sty
\beamer@verbatimfileout=\write4
)
(C:\Users\gener\AppData\Local\Programs\MiKTeX\tex/latex/beamer\beamerbaseframes
ize.sty
\beamer@splitbox=\box70
\beamer@autobreakcount=\count327
\beamer@autobreaklastheight=\dimen274
\beamer@frametitletoks=\toks31
\beamer@framesubtitletoks=\toks32
)
(C:\Users\gener\AppData\Local\Programs\MiKTeX\tex/latex/beamer\beamerbaseframec
omponents.sty
\beamer@footins=\box71
)
(C:\Users\gener\AppData\Local\Programs\MiKTeX\tex/latex/beamer\beamerbasecolor.
sty)
(C:\Users\gener\AppData\Local\Programs\MiKTeX\tex/latex/beamer\beamerbasenotes.
sty
\beamer@frameboxcopy=\box72
)
(C:\Users\gener\AppData\Local\Programs\MiKTeX\tex/latex/beamer\beamerbasetoc.st
y)
(C:\Users\gener\AppData\Local\Programs\MiKTeX\tex/latex/beamer\beamerbasetempla
tes.sty
\beamer@sbttoks=\toks33

(C:\Users\gener\AppData\Local\Programs\MiKTeX\tex/latex/beamer\beamerbaseauxtem
plates.sty
(C:\Users\gener\AppData\Local\Programs\MiKTeX\tex/latex/beamer\beamerbaseboxes.
sty
\bmb@box=\box73
\bmb@colorbox=\box74
\bmb@boxwidth=\dimen275
\bmb@boxheight=\dimen276
\bmb@prevheight=\dimen277
\bmb@temp=\dimen278
\bmb@dima=\dimen279
\bmb@dimb=\dimen280
\bmb@prevheight=\dimen281
)
\beamer@blockheadheight=\dimen282
))
(C:\Users\gener\AppData\Local\Programs\MiKTeX\tex/latex/beamer\beamerbaselocals
tructure.sty
(C:\Users\gener\AppData\Local\Programs\MiKTeX\tex/latex/tools\enumerate.sty
Package: enumerate 2023/07/04 v3.00 enumerate extensions (DPC)
\@enLab=\toks34
)
\beamer@bibiconwidth=\skip57
\c@figure=\count328
\c@table=\count329
\abovecaptionskip=\skip58
\belowcaptionskip=\skip59
)
(C:\Users\gener\AppData\Local\Programs\MiKTeX\tex/latex/beamer\beamerbasenaviga
tion.sty
(C:\Users\gener\AppData\Local\Programs\MiKTeX\tex/latex/beamer\beamerbasenaviga
tionsymbols.tex)
\beamer@section@min@dim=\dimen283
)
(C:\Users\gener\AppData\Local\Programs\MiKTeX\tex/latex/beamer\beamerbasetheore
ms.sty
(C:\Users\gener\AppData\Local\Programs\MiKTeX\tex/latex/amsmath\amsmath.sty
Package: amsmath 2024/05/23 v2.17q AMS math features
\@mathmargin=\skip60

For additional information on amsmath, use the `?' option.
(C:\Users\gener\AppData\Local\Programs\MiKTeX\tex/latex/amsmath\amstext.sty
Package: amstext 2021/08/26 v2.01 AMS text

(C:\Users\gener\AppData\Local\Programs\MiKTeX\tex/latex/amsmath\amsgen.sty
File: amsgen.sty 1999/11/30 v2.0 generic functions
\@emptytoks=\toks35
\ex@=\dimen284
))
(C:\Users\gener\AppData\Local\Programs\MiKTeX\tex/latex/amsmath\amsbsy.sty
Package: amsbsy 1999/11/29 v1.2d Bold Symbols
\pmbraise@=\dimen285
)
(C:\Users\gener\AppData\Local\Programs\MiKTeX\tex/latex/amsmath\amsopn.sty
Package: amsopn 2022/04/08 v2.04 operator names
)
\inf@bad=\count330
LaTeX Info: Redefining \frac on input line 233.
\uproot@=\count331
\leftroot@=\count332
LaTeX Info: Redefining \overline on input line 398.
LaTeX Info: Redefining \colon on input line 409.
\classnum@=\count333
\DOTSCASE@=\count334
LaTeX Info: Redefining \ldots on input line 495.
LaTeX Info: Redefining \dots on input line 498.
LaTeX Info: Redefining \cdots on input line 619.
\Mathstrutbox@=\box75
\strutbox@=\box76
LaTeX Info: Redefining \big on input line 721.
LaTeX Info: Redefining \Big on input line 722.
LaTeX Info: Redefining \bigg on input line 723.
LaTeX Info: Redefining \Bigg on input line 724.
\big@size=\dimen286
LaTeX Font Info:    Redeclaring font encoding OML on input line 742.
LaTeX Font Info:    Redeclaring font encoding OMS on input line 743.
\macc@depth=\count335
LaTeX Info: Redefining \bmod on input line 904.
LaTeX Info: Redefining \pmod on input line 909.
LaTeX Info: Redefining \smash on input line 939.
LaTeX Info: Redefining \relbar on input line 969.
LaTeX Info: Redefining \Relbar on input line 970.
\c@MaxMatrixCols=\count336
\dotsspace@=\muskip18
\c@parentequation=\count337
\dspbrk@lvl=\count338
\tag@help=\toks36
\row@=\count339
\column@=\count340
\maxfields@=\count341
\andhelp@=\toks37
\eqnshift@=\dimen287
\alignsep@=\dimen288
\tagshift@=\dimen289
\tagwidth@=\dimen290
\totwidth@=\dimen291
\lineht@=\dimen292
\@envbody=\toks38
\multlinegap=\skip61
\multlinetaggap=\skip62
\mathdisplay@stack=\toks39
LaTeX Info: Redefining \[ on input line 2953.
LaTeX Info: Redefining \] on input line 2954.
)
(C:\Users\gener\AppData\Local\Programs\MiKTeX\tex/latex/amscls\amsthm.sty
Package: amsthm 2020/05/29 v2.20.6
\thm@style=\toks40
\thm@bodyfont=\toks41
\thm@headfont=\toks42
\thm@notefont=\toks43
\thm@headpunct=\toks44
\thm@preskip=\skip63
\thm@postskip=\skip64
\thm@headsep=\skip65
\dth@everypar=\toks45
)
\c@theorem=\count342
)
(C:\Users\gener\AppData\Local\Programs\MiKTeX\tex/latex/beamer\beamerbasethemes
.sty))
(C:\Users\gener\AppData\Local\Programs\MiKTeX\tex/latex/beamer\beamerthemedefau
lt.sty
(C:\Users\gener\AppData\Local\Programs\MiKTeX\tex/latex/beamer\beamerfontthemed
efault.sty)
(C:\Users\gener\AppData\Local\Programs\MiKTeX\tex/latex/beamer\beamercolortheme
default.sty)
(C:\Users\gener\AppData\Local\Programs\MiKTeX\tex/latex/beamer\beamerinnertheme
default.sty
\beamer@dima=\dimen293
\beamer@dimb=\dimen294
)
(C:\Users\gener\AppData\Local\Programs\MiKTeX\tex/latex/beamer\beameroutertheme
default.sty)))
(C:\Users\gener\AppData\Local\Programs\MiKTeX\tex/latex/psnfss\helvet.sty
Package: helvet 2020/03/25 PSNFSS-v9.3 (WaS) 
)
LaTeX Font Info:    Trying to load font information for T1+txtt on input line 1
8.

(C:\Users\gener\AppData\Local\Programs\MiKTeX\tex/latex/txfonts\t1txtt.fd
File: t1txtt.fd 2000/12/15 v3.1
)
(C:\Users\gener\AppData\Local\Programs\MiKTeX\tex/latex/beamer\beamercolortheme
structure.sty)
Package hyperref Info: Option `colorlinks' set `true' on input line 40.

(C:\Users\gener\AppData\Local\Programs\MiKTeX\tex/latex/base\fontenc.sty
Package: fontenc 2021/04/29 v2.0v Standard LaTeX package
LaTeX Font Info:    Trying to load font information for T1+phv on input line 11
6.

(C:\Users\gener\AppData\Local\Programs\MiKTeX\tex/latex/psnfss\t1phv.fd
File: t1phv.fd 2020/03/25 scalable font definitions for T1/phv.
))
(C:\Users\gener\AppData\Local\Programs\MiKTeX\tex/latex/fira\FiraSans.sty
Package: FiraSans 2022/09/17 (Bob Tennent and autoinst) Style file for Fira San
s fonts.

(C:\Users\gener\AppData\Local\Programs\MiKTeX\tex/generic/iftex\ifxetex.sty
Package: ifxetex 2019/10/25 v0.7 ifxetex legacy package. Use iftex instead.
)
(C:\Users\gener\AppData\Local\Programs\MiKTeX\tex/generic/iftex\ifluatex.sty
Package: ifluatex 2019/10/25 v1.5 ifluatex legacy package. Use iftex instead.
)
(C:\Users\gener\AppData\Local\Programs\MiKTeX\tex/latex/xkeyval\xkeyval.sty
Package: xkeyval 2022/06/16 v2.9 package option processing (HA)

(C:\Users\gener\AppData\Local\Programs\MiKTeX\tex/generic/xkeyval\xkeyval.tex
(C:\Users\gener\AppData\Local\Programs\MiKTeX\tex/generic/xkeyval\xkvutils.tex
\XKV@toks=\toks46
\XKV@tempa@toks=\toks47
)
\XKV@depth=\count343
File: xkeyval.tex 2014/12/03 v2.7a key=value parser (HA)
)) (C:\Users\gener\AppData\Local\Programs\MiKTeX\tex/latex/base\textcomp.sty
Package: textcomp 2024/04/24 v2.1b Standard LaTeX package
)
(C:\Users\gener\AppData\Local\Programs\MiKTeX\tex/latex/fontaxes\fontaxes.sty
Package: fontaxes 2020/07/21 v1.0e Font selection axes
LaTeX Info: Redefining \upshape on input line 29.
LaTeX Info: Redefining \itshape on input line 31.
LaTeX Info: Redefining \slshape on input line 33.
LaTeX Info: Redefining \swshape on input line 35.
LaTeX Info: Redefining \scshape on input line 37.
LaTeX Info: Redefining \sscshape on input line 39.
LaTeX Info: Redefining \ulcshape on input line 41.
LaTeX Info: Redefining \textsw on input line 47.
LaTeX Info: Redefining \textssc on input line 48.
LaTeX Info: Redefining \textulc on input line 49.
)) (C:\Users\gener\AppData\Local\Programs\MiKTeX\tex/latex/newtxsf\newtxsf.sty
Package: newtxsf 2024/01/25 v1.056

`newtxsf' v1.056, 2024/01/25 Math macros based on STIX sans serif and txfonts (
msharpe)
(C:\Users\gener\AppData\Local\Programs\MiKTeX\tex/generic/binhex\binhex.tex)
\tx@Isdigit=\count344
LaTeX Font Info:    Redeclaring symbol font `operators' on input line 58.
LaTeX Font Info:    Overwriting symbol font `operators' in version `normal'
(Font)                  OT1/cmr/m/n --> OT1/FiraSans-OsF/m/n on input line 58.
LaTeX Font Info:    Overwriting symbol font `operators' in version `bold'
(Font)                  OT1/cmr/bx/n --> OT1/FiraSans-OsF/m/n on input line 58.

LaTeX Font Info:    Overwriting symbol font `operators' in version `bold'
(Font)                  OT1/FiraSans-OsF/m/n --> OT1/FiraSans-OsF/b/n on input 
line 59.
LaTeX Font Info:    Redeclaring math alphabet \mathsf on input line 65.
LaTeX Font Info:    Overwriting math alphabet `\mathsf' in version `normal'
(Font)                  OT1/cmss/m/n --> OT1/FiraSans-OsF/m/n on input line 65.

LaTeX Font Info:    Overwriting math alphabet `\mathsf' in version `bold'
(Font)                  OT1/cmss/bx/n --> OT1/FiraSans-OsF/m/n on input line 65
.
LaTeX Font Info:    Redeclaring math alphabet \mathit on input line 66.
LaTeX Font Info:    Overwriting math alphabet `\mathit' in version `normal'
(Font)                  OT1/cmr/m/it --> OT1/FiraSans-OsF/m/it on input line 66
.
LaTeX Font Info:    Overwriting math alphabet `\mathit' in version `bold'
(Font)                  OT1/cmr/bx/it --> OT1/FiraSans-OsF/m/it on input line 6
6.
LaTeX Font Info:    Redeclaring math alphabet \mathtt on input line 67.
LaTeX Font Info:    Overwriting math alphabet `\mathtt' in version `normal'
(Font)                  OT1/cmtt/m/n --> OT1/cmtt/m/n on input line 67.
LaTeX Font Info:    Overwriting math alphabet `\mathtt' in version `bold'
(Font)                  OT1/cmtt/m/n --> OT1/cmtt/m/n on input line 67.
LaTeX Font Info:    Redeclaring math alphabet \mathbf on input line 69.
LaTeX Font Info:    Overwriting math alphabet `\mathbf' in version `normal'
(Font)                  OT1/cmr/bx/n --> OT1/FiraSans-OsF/b/n on input line 69.

LaTeX Font Info:    Overwriting math alphabet `\mathbf' in version `bold'
(Font)                  OT1/cmr/bx/n --> OT1/FiraSans-OsF/b/n on input line 69.

LaTeX Font Info:    Overwriting math alphabet `\mathit' in version `bold'
(Font)                  OT1/FiraSans-OsF/m/it --> OT1/FiraSans-OsF/b/it on inpu
t line 70.
LaTeX Font Info:    Overwriting math alphabet `\mathsf' in version `bold'
(Font)                  OT1/FiraSans-OsF/m/n --> OT1/FiraSans-OsF/b/n on input 
line 71.
LaTeX Font Info:    Overwriting math alphabet `\mathtt' in version `bold'
(Font)                  OT1/cmtt/m/n --> OT1/cmtt/b/n on input line 72.
LaTeX Font Info:    Redeclaring symbol font `letters' on input line 77.
LaTeX Font Info:    Overwriting symbol font `letters' in version `normal'
(Font)                  OML/cmm/m/it --> OML/ntxsfmi/m/it on input line 77.
LaTeX Font Info:    Overwriting symbol font `letters' in version `bold'
(Font)                  OML/cmm/b/it --> OML/ntxsfmi/m/it on input line 77.
LaTeX Font Info:    Overwriting symbol font `letters' in version `bold'
(Font)                  OML/ntxsfmi/m/it --> OML/ntxsfmi/b/it on input line 78.

\symlettersA=\mathgroup6
LaTeX Font Info:    Overwriting symbol font `lettersA' in version `bold'
(Font)                  U/ntxsfmia/m/it --> U/ntxsfmia/b/it on input line 85.
LaTeX Font Info:    Redeclaring math alphabet \mathfrak on input line 87.
Now handling font encoding LMS ...
... no UTF-8 mapping file for font encoding LMS
LaTeX Font Info:    Redeclaring symbol font `symbols' on input line 95.
LaTeX Font Info:    Encoding `OMS' has changed to `LMS' for symbol font
(Font)              `symbols' in the math version `normal' on input line 95.
LaTeX Font Info:    Overwriting symbol font `symbols' in version `normal'
(Font)                  OMS/cmsy/m/n --> LMS/ntxsy/m/n on input line 95.
LaTeX Font Info:    Encoding `OMS' has changed to `LMS' for symbol font
(Font)              `symbols' in the math version `bold' on input line 95.
LaTeX Font Info:    Overwriting symbol font `symbols' in version `bold'
(Font)                  OMS/cmsy/b/n --> LMS/ntxsy/m/n on input line 95.
LaTeX Font Info:    Overwriting symbol font `symbols' in version `bold'
(Font)                  LMS/ntxsy/m/n --> LMS/ntxsy/b/n on input line 96.
\symAMSm=\mathgroup7
LaTeX Font Info:    Overwriting symbol font `AMSm' in version `bold'
(Font)                  U/ntxsym/m/n --> U/ntxsym/b/n on input line 115.
\symsymbolsC=\mathgroup8
LaTeX Font Info:    Overwriting symbol font `symbolsC' in version `bold'
(Font)                  U/ntxsyc/m/n --> U/ntxsyc/b/n on input line 137.
Now handling font encoding LMX ...
... no UTF-8 mapping file for font encoding LMX
LaTeX Font Info:    Redeclaring symbol font `largesymbols' on input line 150.
LaTeX Font Info:    Encoding `OMX' has changed to `LMX' for symbol font
(Font)              `largesymbols' in the math version `normal' on input line 1
50.
LaTeX Font Info:    Overwriting symbol font `largesymbols' in version `normal'
(Font)                  OMX/cmex/m/n --> LMX/ntxexx/m/n on input line 150.
LaTeX Font Info:    Encoding `OMX' has changed to `LMX' for symbol font
(Font)              `largesymbols' in the math version `bold' on input line 150
.
LaTeX Font Info:    Overwriting symbol font `largesymbols' in version `bold'
(Font)                  OMX/cmex/m/n --> LMX/ntxexx/m/n on input line 150.
LaTeX Font Info:    Overwriting symbol font `largesymbols' in version `bold'
(Font)                  LMX/ntxexx/m/n --> LMX/ntxexx/b/n on input line 151.
\symlargesymbolsTXA=\mathgroup9
LaTeX Font Info:    Overwriting symbol font `largesymbolsTXA' in version `bold'

(Font)                  U/ntxexa/m/n --> U/ntxexa/b/n on input line 162.
LaTeX Font Info:    Redeclaring math delimiter \lfloor on input line 251.
LaTeX Font Info:    Redeclaring math delimiter \rfloor on input line 252.
LaTeX Font Info:    Redeclaring math delimiter \lceil on input line 253.
LaTeX Font Info:    Redeclaring math delimiter \rceil on input line 254.
LaTeX Font Info:    Redeclaring math delimiter \lbrace on input line 255.
LaTeX Font Info:    Redeclaring math delimiter \rbrace on input line 256.
LaTeX Font Info:    Redeclaring math delimiter \langle on input line 257.
LaTeX Font Info:    Redeclaring math delimiter \rangle on input line 259.
LaTeX Font Info:    Redeclaring math delimiter \vert on input line 264.
LaTeX Font Info:    Redeclaring math accent \grave on input line 301.
LaTeX Font Info:    Redeclaring math accent \acute on input line 302.
LaTeX Font Info:    Redeclaring math accent \check on input line 303.
LaTeX Font Info:    Redeclaring math accent \breve on input line 304.
LaTeX Font Info:    Redeclaring math accent \bar on input line 305.
LaTeX Font Info:    Redeclaring math accent \mathring on input line 306.
LaTeX Font Info:    Redeclaring math accent \hat on input line 307.
LaTeX Font Info:    Redeclaring math accent \dot on input line 308.
LaTeX Font Info:    Redeclaring math accent \tilde on input line 309.
LaTeX Font Info:    Redeclaring math accent \dot on input line 310.
LaTeX Font Info:    Redeclaring math accent \ddot on input line 311.
LaTeX Font Info:    Redeclaring math accent \vec on input line 1332.
LaTeX Font Info:    Redeclaring math symbol \m@thbbch@rA on input line 1532.
LaTeX Info: Redefining \not on input line 1786.
LaTeX Info: Redefining \textsquare on input line 1807.
LaTeX Info: Redefining \openbox on input line 1809.
)
(C:\Users\gener\AppData\Local\Programs\MiKTeX\tex/latex/listings\listings.sty
\lst@mode=\count345
\lst@gtempboxa=\box77
\lst@token=\toks48
\lst@length=\count346
\lst@currlwidth=\dimen295
\lst@column=\count347
\lst@pos=\count348
\lst@lostspace=\dimen296
\lst@width=\dimen297
\lst@newlines=\count349
\lst@lineno=\count350
\lst@maxwidth=\dimen298

(C:\Users\gener\AppData\Local\Programs\MiKTeX\tex/latex/listings\lstpatch.sty
File: lstpatch.sty 2024/05/25 1.10b (Carsten Heinz)
)
(C:\Users\gener\AppData\Local\Programs\MiKTeX\tex/latex/listings\lstmisc.sty
File: lstmisc.sty 2024/05/25 1.10b (Carsten Heinz)
\c@lstnumber=\count351
\lst@skipnumbers=\count352
\lst@framebox=\box78
)
(C:\Users\gener\AppData\Local\Programs\MiKTeX\tex/latex/listings\listings.cfg
File: listings.cfg 2024/05/25 1.10b listings configuration
))
Package: listings 2024/05/25 1.10b (Carsten Heinz)
\c@question=\count353
LaTeX Font Info:    Trying to load font information for T1+FiraSans-OsF on inpu
t line 132.
(C:\Users\gener\AppData\Local\Programs\MiKTeX\tex/latex/fira\t1firasans-osf.fd
File: T1FiraSans-OsF.fd 2019/10/10 (autoinst) Font definitions for T1/FiraSans-
OsF.
)
LaTeX Font Info:    Font shape `T1/FiraSans-OsF/m/n' in size <10.95> not availa
ble
(Font)              Font shape `T1/FiraSans-OsF/regular/n' tried instead on inp
ut line 132.
LaTeX Font Info:    Font shape `T1/FiraSans-OsF/regular/n' will be
(Font)              scaled to size 9.30756pt on input line 132.

(C:\Users\gener\AppData\Local\Programs\MiKTeX\tex/latex/l3backend\l3backend-pdf
tex.def
File: l3backend-pdftex.def 2024-05-08 L3 backend support: PDF output (pdfTeX)
\l__color_backend_stack_int=\count354
\l__pdf_internal_box=\box79
) (lecture03.aux)
\openout1 = `lecture03.aux'.

LaTeX Font Info:    Checking defaults for OML/ntxsfmi/m/it on input line 132.
LaTeX Font Info:    Trying to load font information for OML+ntxsfmi on input li
ne 132.

(C:\Users\gener\AppData\Local\Programs\MiKTeX\tex/latex/newtxsf\omlntxsfmi.fd
File: omlntxsfmi.fd 2014/11/16 Fontinst v1.933 font definitions for OML/ntxsfmi
.
)
LaTeX Font Info:    ... okay on input line 132.
LaTeX Font Info:    Checking defaults for OMS/cmsy/m/n on input line 132.
LaTeX Font Info:    ... okay on input line 132.
LaTeX Font Info:    Checking defaults for OT1/cmr/m/n on input line 132.
LaTeX Font Info:    ... okay on input line 132.
LaTeX Font Info:    Checking defaults for T1/cmr/m/n on input line 132.
LaTeX Font Info:    ... okay on input line 132.
LaTeX Font Info:    Checking defaults for TS1/cmr/m/n on input line 132.
LaTeX Font Info:    ... okay on input line 132.
LaTeX Font Info:    Checking defaults for OMX/cmex/m/n on input line 132.
LaTeX Font Info:    ... okay on input line 132.
LaTeX Font Info:    Checking defaults for U/ntxexa/m/n on input line 132.
LaTeX Font Info:    Trying to load font information for U+ntxexa on input line 
132.

(C:\Users\gener\AppData\Local\Programs\MiKTeX\tex/latex/newtx\untxexa.fd
File: untxexa.fd 2012/04/16 Fontinst v1.933 font definitions for U/ntxexa.
)
LaTeX Font Info:    ... okay on input line 132.
LaTeX Font Info:    Checking defaults for PD1/pdf/m/n on input line 132.
LaTeX Font Info:    ... okay on input line 132.
LaTeX Font Info:    Checking defaults for PU/pdf/m/n on input line 132.
LaTeX Font Info:    ... okay on input line 132.
LaTeX Font Info:    Checking defaults for LMS/ntxsy/m/n on input line 132.
LaTeX Font Info:    Trying to load font information for LMS+ntxsy on input line
 132.

(C:\Users\gener\AppData\Local\Programs\MiKTeX\tex/latex/newtx\lmsntxsy.fd
File: lmsntxsy.fd 2016/07/02 Fontinst v1.933 font definitions for LMS/ntxsy.
)
LaTeX Font Info:    ... okay on input line 132.
LaTeX Font Info:    Checking defaults for LMX/ntxexx/m/n on input line 132.
LaTeX Font Info:    ... okay on input line 132.

*geometry* driver: auto-detecting
*geometry* detected driver: pdftex
*geometry* verbose mode - [ preamble ] result:
* driver: pdftex
* paper: custom
* layout: <same size as paper>
* layoutoffset:(h,v)=(0.0pt,0.0pt)
* modes: includehead includefoot 
* h-part:(L,W,R)=(28.45274pt, 307.28987pt, 28.45274pt)
* v-part:(T,H,B)=(0.0pt, 273.14662pt, 0.0pt)
* \paperwidth=364.19536pt
* \paperheight=273.14662pt
* \textwidth=307.28987pt
* \textheight=244.6939pt
* \oddsidemargin=-43.81725pt
* \evensidemargin=-43.81725pt
* \topmargin=-72.26999pt
* \headheight=14.22636pt
* \headsep=0.0pt
* \topskip=11.0pt
* \footskip=14.22636pt
* \marginparwidth=4.0pt
* \marginparsep=10.0pt
* \columnsep=10.0pt
* \skip\footins=10.0pt plus 4.0pt minus 2.0pt
* \hoffset=0.0pt
* \voffset=0.0pt
* \mag=1000
* \@twocolumnfalse
* \@twosidefalse
* \@mparswitchfalse
* \@reversemarginfalse
* (1in=72.27pt=25.4mm, 1cm=28.453pt)


(C:\Users\gener\AppData\Local\Programs\MiKTeX\tex/context/base/mkii\supp-pdf.mk
ii
[Loading MPS to PDF converter (version 2006.09.02).]
\scratchcounter=\count355
\scratchdimen=\dimen299
\scratchbox=\box80
\nofMPsegments=\count356
\nofMParguments=\count357
\everyMPshowfont=\toks49
\MPscratchCnt=\count358
\MPscratchDim=\dimen300
\MPnumerator=\count359
\makeMPintoPDFobject=\count360
\everyMPtoPDFconversion=\toks50
)
(C:\Users\gener\AppData\Local\Programs\MiKTeX\tex/latex/epstopdf-pkg\epstopdf-b
ase.sty
Package: epstopdf-base 2020-01-24 v2.11 Base part for package epstopdf
Package epstopdf-base Info: Redefining graphics rule for `.eps' on input line 4
85.

(C:\Users\gener\AppData\Local\Programs\MiKTeX\tex/latex/00miktex\epstopdf-sys.c
fg
File: epstopdf-sys.cfg 2021/03/18 v2.0 Configuration of epstopdf for MiKTeX
))
Package hyperref Info: Link coloring ON on input line 132.
 (lecture03.out) (lecture03.out)
\@outlinefile=\write5
\openout5 = `lecture03.out'.

LaTeX Font Info:    Overwriting symbol font `operators' in version `normal'
(Font)                  OT1/FiraSans-OsF/m/n --> OT1/cmss/m/n on input line 132
.
LaTeX Font Info:    Overwriting symbol font `operators' in version `bold'
(Font)                  OT1/FiraSans-OsF/b/n --> OT1/cmss/b/n on input line 132
.
\symnumbers=\mathgroup10
\sympureletters=\mathgroup11
LaTeX Font Info:    Overwriting math alphabet `\mathrm' in version `normal'
(Font)                  OT1/cmss/m/n --> T1/cmr/m/n on input line 132.
LaTeX Font Info:    Redeclaring math alphabet \mathbf on input line 132.
LaTeX Font Info:    Overwriting math alphabet `\mathbf' in version `normal'
(Font)                  OT1/FiraSans-OsF/b/n --> T1/FiraSans-OsF/b/n on input l
ine 132.
LaTeX Font Info:    Overwriting math alphabet `\mathbf' in version `bold'
(Font)                  OT1/FiraSans-OsF/b/n --> T1/FiraSans-OsF/b/n on input l
ine 132.
LaTeX Font Info:    Redeclaring math alphabet \mathsf on input line 132.
LaTeX Font Info:    Overwriting math alphabet `\mathsf' in version `normal'
(Font)                  OT1/FiraSans-OsF/m/n --> T1/FiraSans-OsF/m/n on input l
ine 132.
LaTeX Font Info:    Overwriting math alphabet `\mathsf' in version `bold'
(Font)                  OT1/FiraSans-OsF/b/n --> T1/FiraSans-OsF/m/n on input l
ine 132.
LaTeX Font Info:    Redeclaring math alphabet \mathit on input line 132.
LaTeX Font Info:    Overwriting math alphabet `\mathit' in version `normal'
(Font)                  OT1/FiraSans-OsF/m/it --> T1/FiraSans-OsF/m/it on input
 line 132.
LaTeX Font Info:    Overwriting math alphabet `\mathit' in version `bold'
(Font)                  OT1/FiraSans-OsF/b/it --> T1/FiraSans-OsF/m/it on input
 line 132.
LaTeX Font Info:    Redeclaring math alphabet \mathtt on input line 132.
LaTeX Font Info:    Overwriting math alphabet `\mathtt' in version `normal'
(Font)                  OT1/cmtt/m/n --> T1/cmtt/m/n on input line 132.
LaTeX Font Info:    Overwriting math alphabet `\mathtt' in version `bold'
(Font)                  OT1/cmtt/b/n --> T1/cmtt/m/n on input line 132.
LaTeX Font Info:    Overwriting symbol font `numbers' in version `bold'
(Font)                  T1/FiraSans-OsF/m/n --> T1/FiraSans-OsF/b/n on input li
ne 132.
LaTeX Font Info:    Overwriting symbol font `pureletters' in version `bold'
(Font)                  T1/FiraSans-OsF/m/it --> T1/FiraSans-OsF/b/it on input 
line 132.
LaTeX Font Info:    Overwriting math alphabet `\mathrm' in version `bold'
(Font)                  OT1/cmss/b/n --> T1/cmr/b/n on input line 132.
LaTeX Font Info:    Overwriting math alphabet `\mathbf' in version `bold'
(Font)                  T1/FiraSans-OsF/b/n --> T1/FiraSans-OsF/b/n on input li
ne 132.
LaTeX Font Info:    Overwriting math alphabet `\mathsf' in version `bold'
(Font)                  T1/FiraSans-OsF/m/n --> T1/FiraSans-OsF/b/n on input li
ne 132.
LaTeX Font Info:    Overwriting math alphabet `\mathit' in version `bold'
(Font)                  T1/FiraSans-OsF/m/it --> T1/FiraSans-OsF/b/it on input 
line 132.
LaTeX Font Info:    Overwriting math alphabet `\mathtt' in version `bold'
(Font)                  T1/cmtt/m/n --> T1/cmtt/b/n on input line 132.

(C:\Users\gener\AppData\Local\Programs\MiKTeX\tex/latex/translator\translator-b
asic-dictionary-English.dict
Dictionary: translator-basic-dictionary, Language: English 
)
(C:\Users\gener\AppData\Local\Programs\MiKTeX\tex/latex/translator\translator-b
ibliography-dictionary-English.dict
Dictionary: translator-bibliography-dictionary, Language: English 
)
(C:\Users\gener\AppData\Local\Programs\MiKTeX\tex/latex/translator\translator-e
nvironment-dictionary-English.dict
Dictionary: translator-environment-dictionary, Language: English 
)
(C:\Users\gener\AppData\Local\Programs\MiKTeX\tex/latex/translator\translator-m
onths-dictionary-English.dict
Dictionary: translator-months-dictionary, Language: English 
)
(C:\Users\gener\AppData\Local\Programs\MiKTeX\tex/latex/translator\translator-n
umbers-dictionary-English.dict
Dictionary: translator-numbers-dictionary, Language: English 
)
(C:\Users\gener\AppData\Local\Programs\MiKTeX\tex/latex/translator\translator-t
heorem-dictionary-English.dict
Dictionary: translator-theorem-dictionary, Language: English 
)
LaTeX Info: Command `\dddot' is already robust on input line 132.
LaTeX Info: Command `\ddddot' is already robust on input line 132.
\c@mv@tabular=\count361
\c@mv@boldtabular=\count362
\c@lstlisting=\count363
 (lecture03.nav)
LaTeX Font Info:    Font shape `T1/FiraSans-OsF/m/n' in size <6> not available
(Font)              Font shape `T1/FiraSans-OsF/regular/n' tried instead on inp
ut line 132.
LaTeX Font Info:    Font shape `T1/FiraSans-OsF/regular/n' will be
(Font)              scaled to size 5.10004pt on input line 132.
LaTeX Font Info:    Font shape `T1/FiraSans-OsF/m/n' in size <14.4> not availab
le
(Font)              Font shape `T1/FiraSans-OsF/regular/n' tried instead on inp
ut line 136.
LaTeX Font Info:    Font shape `T1/FiraSans-OsF/regular/n' will be
(Font)              scaled to size 12.24008pt on input line 136.
LaTeX Font Info:    Font shape `T1/FiraSans-OsF/m/n' in size <8> not available
(Font)              Font shape `T1/FiraSans-OsF/regular/n' tried instead on inp
ut line 136.
LaTeX Font Info:    Font shape `T1/FiraSans-OsF/regular/n' will be
(Font)              scaled to size 6.80005pt on input line 136.


LaTeX Font Info:    Font shape `T1/FiraSans-OsF/m/n' in size <4> not available
(Font)              Font shape `T1/FiraSans-OsF/regular/n' tried instead on inp
ut line 136.
LaTeX Font Info:    Font shape `T1/FiraSans-OsF/regular/n' will be
(Font)              scaled to size 3.40002pt on input line 136.
[1

{C:/Users/gener/AppData/Local/MiKTeX/fonts/map/pdftex/pdftex.map}{C:/Users/gene
r/AppData/Local/Programs/MiKTeX/fonts/enc/dvips/fira/fir_iln36p.enc}]
(lecture03.toc)

[2

] (lecture03.toc)

[3

]
\openout4 = `lecture03.vrb'.

 (lecture03.vrb
LaTeX Font Info:    Font shape `T1/FiraSans-OsF/m/n' in size <10> not available

(Font)              Font shape `T1/FiraSans-OsF/regular/n' tried instead on inp
ut line 2.
LaTeX Font Info:    Font shape `T1/FiraSans-OsF/regular/n' will be
(Font)              scaled to size 8.50006pt on input line 2.
LaTeX Font Info:    Trying to load font information for T1+cmtt on input line 2
.

(C:\Users\gener\AppData\Local\Programs\MiKTeX\tex/latex/base\t1cmtt.fd
File: t1cmtt.fd 2023/04/13 v2.5m Standard LaTeX font definitions
)

LaTeX Font Warning: Font shape `OT1/cmss/m/n' in size <5.5> not available
(Font)              size <5> substituted on input line 7.

LaTeX Font Info:    Trying to load font information for U+msa on input line 7.
(C:\Users\gener\AppData\Local\Programs\MiKTeX\tex/latex/amsfonts\umsa.fd
File: umsa.fd 2013/01/14 v3.01 AMS symbols A
)
LaTeX Font Info:    Trying to load font information for U+msb on input line 7.

(C:\Users\gener\AppData\Local\Programs\MiKTeX\tex/latex/amsfonts\umsb.fd
File: umsb.fd 2013/01/14 v3.01 AMS symbols B
)
LaTeX Font Info:    Trying to load font information for U+ntxsfmia on input lin
e 7.

(C:\Users\gener\AppData\Local\Programs\MiKTeX\tex/latex/newtxsf\untxsfmia.fd
File: untxsfmia.fd 2014/11/16 Fontinst v1.933 font definitions for U/ntxsfmia.
)
LaTeX Font Info:    Trying to load font information for U+ntxsym on input line 
7.

(C:\Users\gener\AppData\Local\Programs\MiKTeX\tex/latex/newtx\untxsym.fd
File: untxsym.fd 2023/08/16 Fontinst v1.933 font definitions for U/ntxsym.
)
LaTeX Font Info:    Trying to load font information for U+ntxsyc on input line 
7.

(C:\Users\gener\AppData\Local\Programs\MiKTeX\tex/latex/newtx\untxsyc.fd
File: untxsyc.fd 2012/04/12 Fontinst v1.933 font definitions for U/ntxsyc.
)
LaTeX Font Info:    Font shape `T1/FiraSans-OsF/m/n' in size <7.3> not availabl
e
(Font)              Font shape `T1/FiraSans-OsF/regular/n' tried instead on inp
ut line 7.
LaTeX Font Info:    Font shape `T1/FiraSans-OsF/regular/n' will be
(Font)              scaled to size 6.20503pt on input line 7.
LaTeX Font Info:    Font shape `T1/FiraSans-OsF/m/n' in size <5.5> not availabl
e
(Font)              Font shape `T1/FiraSans-OsF/regular/n' tried instead on inp
ut line 7.
LaTeX Font Info:    Font shape `T1/FiraSans-OsF/regular/n' will be
(Font)              scaled to size 4.67503pt on input line 7.
LaTeX Font Info:    Font shape `T1/FiraSans-OsF/m/it' in size <10> not availabl
e
(Font)              Font shape `T1/FiraSans-OsF/regular/it' tried instead on in
put line 7.
LaTeX Font Info:    Font shape `T1/FiraSans-OsF/regular/it' will be
(Font)              scaled to size 8.50006pt on input line 7.
LaTeX Font Info:    Font shape `T1/FiraSans-OsF/m/it' in size <7.3> not availab
le
(Font)              Font shape `T1/FiraSans-OsF/regular/it' tried instead on in
put line 7.
LaTeX Font Info:    Font shape `T1/FiraSans-OsF/regular/it' will be
(Font)              scaled to size 6.20503pt on input line 7.
LaTeX Font Info:    Font shape `T1/FiraSans-OsF/m/it' in size <5.5> not availab
le
(Font)              Font shape `T1/FiraSans-OsF/regular/it' tried instead on in
put line 7.
LaTeX Font Info:    Font shape `T1/FiraSans-OsF/regular/it' will be
(Font)              scaled to size 4.67503pt on input line 7.
LaTeX Font Info:    Font shape `T1/FiraSans-OsF/m/n' in size <9> not available
(Font)              Font shape `T1/FiraSans-OsF/regular/n' tried instead on inp
ut line 7.
LaTeX Font Info:    Font shape `T1/FiraSans-OsF/regular/n' will be
(Font)              scaled to size 7.65005pt on input line 7.
LaTeX Font Info:    Font shape `T1/FiraSans-OsF/m/it' in size <9> not available

(Font)              Font shape `T1/FiraSans-OsF/regular/it' tried instead on in
put line 7.
LaTeX Font Info:    Font shape `T1/FiraSans-OsF/regular/it' will be
(Font)              scaled to size 7.65005pt on input line 7.

(C:\Users\gener\AppData\Local\Programs\MiKTeX\tex/latex/listings\lstlang1.sty
File: lstlang1.sty 2024/05/25 1.10b listings language file
)
LaTeX Font Info:    Font shape `T1/FiraSans-OsF/m/it' in size <6> not available

(Font)              Font shape `T1/FiraSans-OsF/regular/it' tried instead on in
put line 16.
LaTeX Font Info:    Font shape `T1/FiraSans-OsF/regular/it' will be
(Font)              scaled to size 5.10004pt on input line 16.
)

[4

]
\openout4 = `lecture03.vrb'.

 (lecture03.vrb)

[5

]
\openout4 = `lecture03.vrb'.

 (lecture03.vrb)

[6

]
\openout4 = `lecture03.vrb'.

 (lecture03.vrb
LaTeX Font Info:    Font shape `T1/FiraSans-OsF/m/n' in size <6.1> not availabl
e
(Font)              Font shape `T1/FiraSans-OsF/regular/n' tried instead on inp
ut line 2.
LaTeX Font Info:    Font shape `T1/FiraSans-OsF/regular/n' will be
(Font)              scaled to size 5.18503pt on input line 2.
LaTeX Font Info:    Font shape `T1/FiraSans-OsF/m/it' in size <10.95> not avail
able
(Font)              Font shape `T1/FiraSans-OsF/regular/it' tried instead on in
put line 2.
LaTeX Font Info:    Font shape `T1/FiraSans-OsF/regular/it' will be
(Font)              scaled to size 9.30756pt on input line 2.
LaTeX Font Info:    Font shape `T1/FiraSans-OsF/m/it' in size <8> not available

(Font)              Font shape `T1/FiraSans-OsF/regular/it' tried instead on in
put line 2.
LaTeX Font Info:    Font shape `T1/FiraSans-OsF/regular/it' will be
(Font)              scaled to size 6.80005pt on input line 2.
LaTeX Font Info:    Font shape `T1/FiraSans-OsF/m/it' in size <6.1> not availab
le
(Font)              Font shape `T1/FiraSans-OsF/regular/it' tried instead on in
put line 2.
LaTeX Font Info:    Font shape `T1/FiraSans-OsF/regular/it' will be
(Font)              scaled to size 5.18503pt on input line 2.
LaTeX Font Info:    Trying to load font information for TS1+FiraSans-OsF on inp
ut line 12.

(C:\Users\gener\AppData\Local\Programs\MiKTeX\tex/latex/fira\ts1firasans-osf.fd
File: TS1FiraSans-OsF.fd 2019/10/10 (autoinst) Font definitions for TS1/FiraSan
s-OsF.
)
LaTeX Font Info:    Font shape `TS1/FiraSans-OsF/m/it' in size <6> not availabl
e
(Font)              Font shape `TS1/FiraSans-OsF/regular/it' tried instead on i
nput line 12.
LaTeX Font Info:    Font shape `TS1/FiraSans-OsF/regular/it' will be
(Font)              scaled to size 5.10004pt on input line 12.

Overfull \hbox (51.50214pt too wide) in paragraph at lines 14--15
[][][][][][][][][][][][][][][][][][][][][][][][][][][][][][][][][][][][][][][][
][][][][][][][][][][][][][][][][][][][][][][][][][][][][][][][][][][][][][][][]
[][][][][][][][][][][][] 
 []

<histogram_of_sample1.png, id=69, 393.8715pt x 298.4751pt>
File: histogram_of_sample1.png Graphic file (type png)
<use histogram_of_sample1.png>
Package pdftex.def Info: histogram_of_sample1.png  used on input line 21.
(pdftex.def)             Requested size: 215.10196pt x 163.005pt.
)
Overfull \vbox (72.83128pt too high) detected at line 247
 []



[7

{C:/Users/gener/AppData/Local/Programs/MiKTeX/fonts/enc/dvips/fira/fir_d67aat.e
nc} <./histogram_of_sample1.png>]
\openout4 = `lecture03.vrb'.

 (lecture03.vrb
<histogram_of_sample2.png, id=82, 404.712pt x 298.4751pt>
File: histogram_of_sample2.png Graphic file (type png)
<use histogram_of_sample2.png>
Package pdftex.def Info: histogram_of_sample2.png  used on input line 6.
(pdftex.def)             Requested size: 215.10196pt x 158.63737pt.
)

[8

 <./histogram_of_sample2.png>]
\openout4 = `lecture03.vrb'.

 (lecture03.vrb
<histogram_of_sample3.png, id=89, 393.8715pt x 302.0886pt>
File: histogram_of_sample3.png Graphic file (type png)
<use histogram_of_sample3.png>
Package pdftex.def Info: histogram_of_sample3.png  used on input line 20.
(pdftex.def)             Requested size: 215.10196pt x 164.97842pt.
)
Overfull \vbox (71.87411pt too high) detected at line 283
 []



[9

 <./histogram_of_sample3.png>]
\openout4 = `lecture03.vrb'.

 (lecture03.vrb)

[10

] (lecture03.toc)

[11

]
\openout4 = `lecture03.vrb'.

 (lecture03.vrb
LaTeX Font Info:    Font shape `T1/FiraSans-OsF/b/n' in size <10.95> not availa
ble
(Font)              Font shape `T1/FiraSans-OsF/bold/n' tried instead on input 
line 6.
LaTeX Font Info:    Font shape `T1/FiraSans-OsF/bold/n' will be
(Font)              scaled to size 9.30756pt on input line 6.
)

[12

]
LaTeX Font Info:    Font shape `T1/FiraSans-OsF/b/n' in size <8> not available
(Font)              Font shape `T1/FiraSans-OsF/bold/n' tried instead on input 
line 352.
LaTeX Font Info:    Font shape `T1/FiraSans-OsF/bold/n' will be
(Font)              scaled to size 6.80005pt on input line 352.
LaTeX Font Info:    Font shape `T1/FiraSans-OsF/b/n' in size <6.1> not availabl
e
(Font)              Font shape `T1/FiraSans-OsF/bold/n' tried instead on input 
line 352.
LaTeX Font Info:    Font shape `T1/FiraSans-OsF/bold/n' will be
(Font)              scaled to size 5.18503pt on input line 352.


[13

]
\openout4 = `lecture03.vrb'.

 (lecture03.vrb
LaTeX Font Info:    Font shape `T1/FiraSans-OsF/b/n' in size <9> not available
(Font)              Font shape `T1/FiraSans-OsF/bold/n' tried instead on input 
line 23.
LaTeX Font Info:    Font shape `T1/FiraSans-OsF/bold/n' will be
(Font)              scaled to size 7.65005pt on input line 23.
LaTeX Font Info:    Font shape `T1/FiraSans-OsF/b/n' in size <7.3> not availabl
e
(Font)              Font shape `T1/FiraSans-OsF/bold/n' tried instead on input 
line 23.
LaTeX Font Info:    Font shape `T1/FiraSans-OsF/bold/n' will be
(Font)              scaled to size 6.20503pt on input line 23.
LaTeX Font Info:    Font shape `T1/FiraSans-OsF/b/n' in size <5.5> not availabl
e
(Font)              Font shape `T1/FiraSans-OsF/bold/n' tried instead on input 
line 23.
LaTeX Font Info:    Font shape `T1/FiraSans-OsF/bold/n' will be
(Font)              scaled to size 4.67503pt on input line 23.
)

[14

] (lecture03.toc)

[15

]
\openout4 = `lecture03.vrb'.

 (lecture03.vrb)

[16

]

[17

]
\openout4 = `lecture03.vrb'.

 (lecture03.vrb)

[18

]
\openout4 = `lecture03.vrb'.

 (lecture03.vrb)

[19

]
\tf@nav=\write6
\openout6 = `lecture03.nav'.

\tf@toc=\write7
\openout7 = `lecture03.toc'.

\tf@snm=\write8
\openout8 = `lecture03.snm'.

 (lecture03.aux)
 ***********
LaTeX2e <2024-06-01> patch level 2
L3 programming layer <2024-05-27>
 ***********


LaTeX Font Warning: Size substitutions with differences
(Font)              up to 0.5pt have occurred.

Package rerunfilecheck Info: File `lecture03.out' has not changed.
(rerunfilecheck)             Checksum: D1DDC97978F87F9ECF7326B7AF74EAD9;588.
 ) 
Here is how much of TeX's memory you used:
 26105 strings out of 473904
 489862 string characters out of 5726601
 1953908 words of memory out of 5000000
 48330 multiletter control sequences out of 15000+600000
 941978 words of font info for 168 fonts, out of 8000000 for 9000
 1141 hyphenation exceptions out of 8191
 128i,11n,123p,453b,1898s stack positions out of 10000i,1000n,20000p,200000b,200000s
 <C:\Users\gener\AppData\Local\MiKTeX\fonts/pk/ljfour/jknappen/ec/dpi450\ectt
0800.pk> <C:\Users\gener\AppData\Local\MiKTeX\fonts/pk/ljfour/jknappen/ec/dpi60
0\ectt1000.pk><C:/Users/gener/AppData/Local/Programs/MiKTeX/fonts/type1/public/
fira/FiraSans-Bold.pfb><C:/Users/gener/AppData/Local/Programs/MiKTeX/fonts/type
1/public/fira/FiraSans-Italic.pfb><C:/Users/gener/AppData/Local/Programs/MiKTeX
/fonts/type1/public/fira/FiraSans-Regular.pfb><C:/Users/gener/AppData/Local/Pro
grams/MiKTeX/fonts/type1/public/amsfonts/cm/cmss10.pfb><C:/Users/gener/AppData/
Local/Programs/MiKTeX/fonts/type1/public/txfonts/rtxmi.pfb><C:/Users/gener/AppD
ata/Local/Programs/MiKTeX/fonts/type1/public/txfonts/t1xbtt.pfb><C:/Users/gener
/AppData/Local/Programs/MiKTeX/fonts/type1/public/txfonts/t1xtt.pfb><C:/Users/g
ener/AppData/Local/Programs/MiKTeX/fonts/type1/public/newtx/txsym.pfb><C:/Users
/gener/AppData/Local/Programs/MiKTeX/fonts/type1/public/newtx/txsys.pfb><C:/Use
rs/gener/AppData/Local/Programs/MiKTeX/fonts/type1/public/newtxsf/zsfmi-reg.pfb
><C:/Users/gener/AppData/Local/Programs/MiKTeX/fonts/type1/public/newtxsf/zsfmi
a-reg.pfb>
Output written on lecture03.pdf (19 pages, 302799 bytes).
PDF statistics:
 320 PDF objects out of 1000 (max. 8388607)
 42 named destinations out of 1000 (max. 500000)
 82 words of extra memory for PDF output out of 10000 (max. 10000000)

